MPASM 5.77                     UYGULAMA9.ASM   10-29-2019  23:51:08         PAGE  1


LOC  OBJECT CODE     LINE SOURCE TEXT
  VALUE

                      00001         LIST P=16F877A
                      00002         #INCLUDE <P16F877A.INC>
                      00001         LIST
                      00002 
                      00003 ;==========================================================================
                      00004 ; Build date : Nov 22 2017
                      00005 ;  MPASM PIC16F877A processor include
                      00006 ; 
                      00007 ;  (c) Copyright 1999-2017 Microchip Technology, All rights reserved
                      00008 ;==========================================================================
                      00009 
                      00567         LIST
Warning[207]: Found label after column 1. (COUNTER)
  00000020            00003         COUNTER EQU 0X20
Warning[207]: Found label after column 1. (VAR1)
  00000021            00004         VAR1 EQU 0X21
Warning[207]: Found label after column 1. (VAR2)
  00000022            00005         VAR2 EQU 0X22
                      00006         ORG 0X00
0000   2???           00007         GOTO INIT
                      00008         
0001                  00009 INIT
0001   1683           00010         BSF STATUS,5
0002   3006           00011         MOVLW H'06'
Message[302]: Register in operand not in bank 0.  Ensure that bank bits are correct.
0003   009F           00012         MOVWF ADCON1
0004   30FF           00013         MOVLW B'11111111'
Message[302]: Register in operand not in bank 0.  Ensure that bank bits are correct.
0005   0085           00014         MOVWF TRISA
Message[302]: Register in operand not in bank 0.  Ensure that bank bits are correct.
0006   0186           00015         CLRF TRISB
0007   1283           00016         BCF STATUS,5
0008   0186           00017         CLRF PORTB 
0009   01A0           00018         CLRF COUNTER
                      00019         
                      00020         
000A                  00021 MAIN 
000A   1805           00022         BTFSC PORTA,0
000B   2???           00023         GOTO INCREASE
000C   1885           00024         BTFSC PORTA,1
000D   2???           00025         GOTO DECREASE
000E   2???           00026         GOTO MAIN
                      00027 
000F                  00028 INCREASE
000F   2???           00029         CALL DELAY
0010   2???           00030         CALL DELAY
Message[305]: Using default destination of 1 (file).
0011   0AA0           00031         INCF COUNTER
0012   2???           00032         CALL CONTROL_INC
0013   0820           00033         MOVF COUNTER,W
0014   0086           00034         MOVWF PORTB 
0015   2???           00035         GOTO ON
0016   2???           00036         GOTO MAIN
MPASM 5.77                     UYGULAMA9.ASM   10-29-2019  23:51:08         PAGE  2


LOC  OBJECT CODE     LINE SOURCE TEXT
  VALUE

                      00037         
0017                  00038 DECREASE
0017   2???           00039         CALL DELAY
0018   2???           00040         CALL DELAY
Message[305]: Using default destination of 1 (file).
0019   03A0           00041         DECF COUNTER
001A   2???           00042         CALL CONTROL_DEC
001B   2???           00043         GOTO ON
001C   2???           00044         GOTO MAIN
                      00045         
001D                  00046 CONTROL_DEC
001D   3000           00047         MOVLW D'0'
001E   0220           00048         SUBWF COUNTER,W
001F   1D03           00049         BTFSS STATUS,Z
0020   0008           00050         RETURN
0021   3000           00051         MOVLW D'0'
0022   00A0           00052         MOVWF COUNTER
0023   2???           00053         GOTO ON
0024   3009           00054         MOVLW D'9'
0025   00A0           00055         MOVWF COUNTER
0026   0008           00056         RETURN
0027                  00057 CONTROL_INC
0027   300A           00058         MOVLW D'10'
0028   0220           00059         SUBWF COUNTER,W
0029   1C03           00060         BTFSS STATUS,C
002A   0008           00061         RETURN
002B   01A0           00062         CLRF COUNTER
002C   0008           00063         RETURN
                      00064         
002D                  00065 ON 
002D   0820           00066         MOVF COUNTER,W
002E   0086           00067         MOVWF PORTB
002F   2???           00068         GOTO MAIN
0030                  00069 DELAY
0030   30FF           00070     MOVLW D'255'
0031   00A1           00071     MOVWF VAR1
                      00072     
0032                  00073 DELAY2
0032   30FF           00074     MOVLW D'255'
0033   00A2           00075     MOVWF VAR2
                      00076     
0034                  00077 DELAY3
0034   0BA2           00078     DECFSZ VAR2,F
0035   2???           00079     GOTO DELAY3
0036   0BA1           00080     DECFSZ VAR1,F
0037   2???           00081     GOTO DELAY2
0038   0008           00082     RETURN
                      00083 
Warning[205]: Found directive in column 1. (END)
                      00084 END
MPASM 5.77                     UYGULAMA9.ASM   10-29-2019  23:51:08         PAGE  3


SYMBOL TABLE
  LABEL                             VALUE 

ACKDT                             00000005
ACKEN                             00000004
ACKSTAT                           00000006
ADCON0                            0000001F
ADCON1                            0000009F
ADCS0                             00000006
ADCS1                             00000007
ADCS2                             00000006
ADDEN                             00000003
ADFM                              00000007
ADIE                              00000006
ADIF                              00000006
ADON                              00000000
ADRESH                            0000001E
ADRESL                            0000009E
BCLIE                             00000003
BCLIF                             00000003
BF                                00000000
BRGH                              00000002
C                                 00000000
C1INV                             00000004
C1OUT                             00000006
C2INV                             00000005
C2OUT                             00000007
CCP1CON                           00000017
CCP1IE                            00000002
CCP1IF                            00000002
CCP1M0                            00000000
CCP1M1                            00000001
CCP1M2                            00000002
CCP1M3                            00000003
CCP1X                             00000005
CCP1Y                             00000004
CCP2CON                           0000001D
CCP2IE                            00000000
CCP2IF                            00000000
CCP2M0                            00000000
CCP2M1                            00000001
CCP2M2                            00000002
CCP2M3                            00000003
CCP2X                             00000005
CCP2Y                             00000004
CCPR1                             00000015
CCPR1H                            00000016
CCPR1L                            00000015
CCPR2                             0000001B
CCPR2H                            0000001C
CCPR2L                            0000001B
CHS0                              00000003
CHS1                              00000004
CHS2                              00000005
CIS                               00000003
CKE                               00000006
MPASM 5.77                     UYGULAMA9.ASM   10-29-2019  23:51:08         PAGE  4


SYMBOL TABLE
  LABEL                             VALUE 

CKP                               00000004
CM0                               00000000
CM1                               00000001
CM2                               00000002
CMCON                             0000009C
CMIE                              00000006
CMIF                              00000006
CONTROL_DEC                       0000001D
CONTROL_INC                       00000027
COUNTER                           00000020
CREN                              00000004
CSRC                              00000007
CVR0                              00000000
CVR1                              00000001
CVR2                              00000002
CVR3                              00000003
CVRCON                            0000009D
CVREN                             00000007
CVROE                             00000006
CVRR                              00000005
D                                 00000005
DATA_ADDRESS                      00000005
DC                                00000001
DECREASE                          00000017
DELAY                             00000030
DELAY2                            00000032
DELAY3                            00000034
D_A                               00000005
D_NOT_A                           00000005
EEADR                             0000010D
EEADRH                            0000010F
EECON1                            0000018C
EECON2                            0000018D
EEDATA                            0000010C
EEDATH                            0000010E
EEIE                              00000004
EEIF                              00000004
EEPGD                             00000007
F                                 00000001
FERR                              00000002
FSR                               00000004
GCEN                              00000007
GIE                               00000007
GO                                00000002
GO_DONE                           00000002
GO_NOT_DONE                       00000002
I2C_DATA                          00000005
I2C_READ                          00000002
I2C_START                         00000003
I2C_STOP                          00000004
IBF                               00000007
IBOV                              00000005
INCREASE                          0000000F
MPASM 5.77                     UYGULAMA9.ASM   10-29-2019  23:51:08         PAGE  5


SYMBOL TABLE
  LABEL                             VALUE 

INDF                              00000000
INIT                              00000001
INTCON                            0000000B
INTE                              00000004
INTEDG                            00000006
INTF                              00000001
IRP                               00000007
MAIN                              0000000A
NOT_A                             00000005
NOT_ADDRESS                       00000005
NOT_BO                            00000000
NOT_BOR                           00000000
NOT_DONE                          00000002
NOT_PD                            00000003
NOT_POR                           00000001
NOT_RBPU                          00000007
NOT_RC8                           00000006
NOT_T1SYNC                        00000002
NOT_TO                            00000004
NOT_TX8                           00000006
NOT_W                             00000002
NOT_WRITE                         00000002
OBF                               00000006
OERR                              00000001
ON                                0000002D
OPTION_REG                        00000081
P                                 00000004
PCFG0                             00000000
PCFG1                             00000001
PCFG2                             00000002
PCFG3                             00000003
PCL                               00000002
PCLATH                            0000000A
PCON                              0000008E
PEIE                              00000006
PEN                               00000002
PIE1                              0000008C
PIE2                              0000008D
PIR1                              0000000C
PIR2                              0000000D
PORTA                             00000005
PORTB                             00000006
PORTC                             00000007
PORTD                             00000008
PORTE                             00000009
PR2                               00000092
PS0                               00000000
PS1                               00000001
PS2                               00000002
PSA                               00000003
PSPIE                             00000007
PSPIF                             00000007
PSPMODE                           00000004
MPASM 5.77                     UYGULAMA9.ASM   10-29-2019  23:51:08         PAGE  6


SYMBOL TABLE
  LABEL                             VALUE 

R                                 00000002
RA0                               00000000
RA1                               00000001
RA2                               00000002
RA3                               00000003
RA4                               00000004
RA5                               00000005
RB0                               00000000
RB1                               00000001
RB2                               00000002
RB3                               00000003
RB4                               00000004
RB5                               00000005
RB6                               00000006
RB7                               00000007
RBIE                              00000003
RBIF                              00000000
RC0                               00000000
RC1                               00000001
RC2                               00000002
RC3                               00000003
RC4                               00000004
RC5                               00000005
RC6                               00000006
RC7                               00000007
RC8_9                             00000006
RC9                               00000006
RCD8                              00000000
RCEN                              00000003
RCIE                              00000005
RCIF                              00000005
RCREG                             0000001A
RCSTA                             00000018
RD                                00000000
RD0                               00000000
RD1                               00000001
RD2                               00000002
RD3                               00000003
RD4                               00000004
RD5                               00000005
RD6                               00000006
RD7                               00000007
RE0                               00000000
RE1                               00000001
RE2                               00000002
READ_WRITE                        00000002
RP0                               00000005
RP1                               00000006
RSEN                              00000001
RX9                               00000006
RX9D                              00000000
R_NOT_W                           00000002
R_W                               00000002
MPASM 5.77                     UYGULAMA9.ASM   10-29-2019  23:51:08         PAGE  7


SYMBOL TABLE
  LABEL                             VALUE 

S                                 00000003
SEN                               00000000
SMP                               00000007
SPBRG                             00000099
SPEN                              00000007
SREN                              00000005
SSPADD                            00000093
SSPBUF                            00000013
SSPCON                            00000014
SSPCON2                           00000091
SSPEN                             00000005
SSPIE                             00000003
SSPIF                             00000003
SSPM0                             00000000
SSPM1                             00000001
SSPM2                             00000002
SSPM3                             00000003
SSPOV                             00000006
SSPSTAT                           00000094
STATUS                            00000003
SYNC                              00000004
T0CS                              00000005
T0IE                              00000005
T0IF                              00000002
T0SE                              00000004
T1CKPS0                           00000004
T1CKPS1                           00000005
T1CON                             00000010
T1INSYNC                          00000002
T1OSCEN                           00000003
T1SYNC                            00000002
T2CKPS0                           00000000
T2CKPS1                           00000001
T2CON                             00000012
TMR0                              00000001
TMR0IE                            00000005
TMR0IF                            00000002
TMR1                              0000000E
TMR1CS                            00000001
TMR1H                             0000000F
TMR1IE                            00000000
TMR1IF                            00000000
TMR1L                             0000000E
TMR1ON                            00000000
TMR2                              00000011
TMR2IE                            00000001
TMR2IF                            00000001
TMR2ON                            00000002
TOUTPS0                           00000003
TOUTPS1                           00000004
TOUTPS2                           00000005
TOUTPS3                           00000006
TRISA                             00000085
MPASM 5.77                     UYGULAMA9.ASM   10-29-2019  23:51:08         PAGE  8


SYMBOL TABLE
  LABEL                             VALUE 

TRISA0                            00000000
TRISA1                            00000001
TRISA2                            00000002
TRISA3                            00000003
TRISA4                            00000004
TRISA5                            00000005
TRISB                             00000086
TRISB0                            00000000
TRISB1                            00000001
TRISB2                            00000002
TRISB3                            00000003
TRISB4                            00000004
TRISB5                            00000005
TRISB6                            00000006
TRISB7                            00000007
TRISC                             00000087
TRISC0                            00000000
TRISC1                            00000001
TRISC2                            00000002
TRISC3                            00000003
TRISC4                            00000004
TRISC5                            00000005
TRISC6                            00000006
TRISC7                            00000007
TRISD                             00000088
TRISD0                            00000000
TRISD1                            00000001
TRISD2                            00000002
TRISD3                            00000003
TRISD4                            00000004
TRISD5                            00000005
TRISD6                            00000006
TRISD7                            00000007
TRISE                             00000089
TRISE0                            00000000
TRISE1                            00000001
TRISE2                            00000002
TRMT                              00000001
TX8_9                             00000006
TX9                               00000006
TX9D                              00000000
TXD8                              00000000
TXEN                              00000005
TXIE                              00000004
TXIF                              00000004
TXREG                             00000019
TXSTA                             00000098
UA                                00000001
VAR1                              00000021
VAR2                              00000022
W                                 00000000
WCOL                              00000007
WR                                00000001
MPASM 5.77                     UYGULAMA9.ASM   10-29-2019  23:51:08         PAGE  9


SYMBOL TABLE
  LABEL                             VALUE 

WREN                              00000002
WRERR                             00000003
Z                                 00000002
_BODEN_OFF                        00003FBF
_BODEN_ON                         00003FFF
_BOREN_OFF                        00003FBF
_BOREN_ON                         00003FFF
_CONFIG                           00002007
_CPD_OFF                          00003FFF
_CPD_ON                           00003EFF
_CP_ALL                           00001FFF
_CP_OFF                           00003FFF
_CP_ON                            00001FFF
_DEBUG_OFF                        00003FFF
_DEBUG_ON                         000037FF
_DEVID1                           00002006
_FOSC_EXTRC                       00003FFF
_FOSC_HS                          00003FFE
_FOSC_LP                          00003FFC
_FOSC_XT                          00003FFD
_HS_OSC                           00003FFE
_IDLOC0                           00002000
_IDLOC1                           00002001
_IDLOC2                           00002002
_IDLOC3                           00002003
_LP_OSC                           00003FFC
_LVP_OFF                          00003F7F
_LVP_ON                           00003FFF
_PWRTE_OFF                        00003FFF
_PWRTE_ON                         00003FF7
_RC_OSC                           00003FFF
_WDTE_OFF                         00003FFB
_WDTE_ON                          00003FFF
_WDT_OFF                          00003FFB
_WDT_ON                           00003FFF
_WRT_1FOURTH                      00003BFF
_WRT_256                          00003DFF
_WRT_HALF                         000039FF
_WRT_OFF                          00003FFF
_XT_OSC                           00003FFD
__16F877A                         00000001
__DEBUG                           
__MPLAB_DEBUGGER_SIMULATOR        1

Errors   :     0
Warnings :     4 reported,     0 suppressed
Messages :     5 reported,     0 suppressed

