MPASM 5.77                        ODEV_3.ASM   11-12-2019  0:00:40         PAGE  1


LOC  OBJECT CODE     LINE SOURCE TEXT
  VALUE

                      00001     LIST P=16F877A
                      00002     INCLUDE     "P16F877A.INC"
                      00001         LIST
                      00002 
                      00003 ;==========================================================================
                      00004 ; Build date : Nov 22 2017
                      00005 ;  MPASM PIC16F877A processor include
                      00006 ; 
                      00007 ;  (c) Copyright 1999-2017 Microchip Technology, All rights reserved
                      00008 ;==========================================================================
                      00009 
                      00567         LIST
2007   3F79           00003     __CONFIG    _XT_OSC  & _WDT_OFF & _LVP_OFF
Warning[207]: Found label after column 1. (COUNTER)
  00000020            00004     COUNTER EQU 0x20
Warning[207]: Found label after column 1. (RIGHT)
  00000021            00005     RIGHT   EQU 0x21
Warning[207]: Found label after column 1. (LEFT)
  00000022            00006     LEFT    EQU 0x22
Warning[207]: Found label after column 1. (VAR1)
  00000023            00007     VAR1    EQU 0x23    
                      00008     ORG     0X00
0000   2???           00009     GOTO    INIT
                      00010     ORG     0X04
0004   2???           00011     GOTO    INTERRUPT
0005                  00012 INIT
0005   1683           00013     BSF     STATUS,5
Message[302]: Register in operand not in bank 0.  Ensure that bank bits are correct.
0006   0186           00014     CLRF    TRISB
Message[302]: Register in operand not in bank 0.  Ensure that bank bits are correct.
0007   0185           00015     CLRF    TRISA
Message[302]: Register in operand not in bank 0.  Ensure that bank bits are correct.
0008   140C           00016     BSF     PIE1,TMR1IE
0009   1283           00017     BCF     STATUS,5
000A   3031           00018     MOVLW   B'00110001'
000B   0090           00019     MOVWF   T1CON
000C   018C           00020     CLRF    PIR1
000D   30C0           00021     MOVLW   B'11000000'
000E   008B           00022     MOVWF   INTCON  
000F   300B           00023     MOVLW   0X0B
0010   008F           00024     MOVWF   TMR1H
0011   30DC           00025     MOVLW   0XDC
0012   008E           00026     MOVWF   TMR1L
0013   01A1           00027     CLRF    RIGHT
0014   01A2           00028     CLRF    LEFT
0015   01A0           00029     CLRF    COUNTER
0016                  00030 MAIN
0016   1485           00031     BSF     PORTA,1
0017   1005           00032     BCF     PORTA,0
0018   0821           00033     MOVF    RIGHT, W
0019   2???           00034     CALL    LOOK_UP
001A   0086           00035     MOVWF   PORTB
001B   2???           00036     CALL    DELAY
MPASM 5.77                        ODEV_3.ASM   11-12-2019  0:00:40         PAGE  2


LOC  OBJECT CODE     LINE SOURCE TEXT
  VALUE

001C   1085           00037     BCF     PORTA,1
001D   1405           00038     BSF     PORTA,0
001E   0822           00039     MOVF    LEFT, W
001F   2???           00040     CALL    LOOK_UP
0020   0086           00041     MOVWF   PORTB
0021   2???           00042     CALL    DELAY
0022   2???           00043     GOTO    MAIN
                      00044    
0023                  00045 INTERRUPT
0023   138B           00046     BCF     INTCON,GIE
0024   130B           00047     BCF     INTCON,PEIE   
0025   1C0C           00048     BTFSS   PIR1,TMR1IF
0026   2???           00049     GOTO    INTERRUPT_END
0027   100C           00050     BCF     PIR1,TMR1IF
0028   300B           00051     MOVLW   0X0B
0029   008F           00052     MOVWF   TMR1H
002A   30DC           00053     MOVLW   0XDC
002B   008E           00054     MOVWF   TMR1L
Message[305]: Using default destination of 1 (file).
002C   0AA0           00055     INCF    COUNTER
002D   0820           00056     MOVF    COUNTER,W
002E   3C02           00057     SUBLW   D'2'
002F   1903           00058     BTFSC   STATUS,Z
0030   2???           00059     GOTO    RIGHT_INCREMENT
0031   2???           00060     GOTO    INTERRUPT_END
0032                  00061 RIGHT_INCREMENT
0032   01A0           00062     CLRF    COUNTER
Message[305]: Using default destination of 1 (file).
0033   0AA1           00063     INCF    RIGHT
0034   0821           00064     MOVF    RIGHT,W
0035   3C0A           00065     SUBLW   D'10'
0036   1903           00066     BTFSC   STATUS,Z
0037   2???           00067     GOTO    LEFT_INCREMENT
0038   2???           00068     GOTO    INTERRUPT_END
0039                  00069 LEFT_INCREMENT
0039   01A1           00070     CLRF    RIGHT
Message[305]: Using default destination of 1 (file).
003A   0AA2           00071     INCF    LEFT
003B   0822           00072     MOVF    LEFT, W
003C   3C06           00073     SUBLW   D'6'
003D   1903           00074     BTFSC   STATUS,Z
003E   01A2           00075     CLRF    LEFT
003F   2???           00076     GOTO    INTERRUPT_END
0040                  00077 INTERRUPT_END 
0040   178B           00078     BSF     INTCON,GIE
0041   170B           00079     BSF     INTCON,PEIE
0042   0009           00080     RETFIE
                      00081  
0043                  00082 DELAY
0043   01A3           00083     CLRF    VAR1
0044                  00084 DELAY2
Message[305]: Using default destination of 1 (file).
0044   0BA3           00085     DECFSZ  VAR1
MPASM 5.77                        ODEV_3.ASM   11-12-2019  0:00:40         PAGE  3


LOC  OBJECT CODE     LINE SOURCE TEXT
  VALUE

0045   2???           00086     GOTO    DELAY2
0046   0008           00087     RETURN
                      00088     
0047                  00089 LOOK_UP   
Message[305]: Using default destination of 1 (file).
0047   0782           00090     ADDWF   PCL
0048   343F           00091     RETLW   B'00111111'    
0049   3406           00092     RETLW   B'00000110'    
004A   345B           00093     RETLW   B'01011011'    
004B   344F           00094     RETLW   B'01001111'    
004C   3466           00095     RETLW   B'01100110'    
004D   346D           00096     RETLW   B'01101101'    
004E   347D           00097     RETLW   B'01111101'    
004F   3407           00098     RETLW   B'00000111'    
0050   347F           00099     RETLW   B'01111111'    
0051   346F           00100     RETLW   B'01101111'        
                      00101  
3F79                  00102     END
MPASM 5.77                        ODEV_3.ASM   11-12-2019  0:00:40         PAGE  4


SYMBOL TABLE
  LABEL                             VALUE 

ACKDT                             00000005
ACKEN                             00000004
ACKSTAT                           00000006
ADCON0                            0000001F
ADCON1                            0000009F
ADCS0                             00000006
ADCS1                             00000007
ADCS2                             00000006
ADDEN                             00000003
ADFM                              00000007
ADIE                              00000006
ADIF                              00000006
ADON                              00000000
ADRESH                            0000001E
ADRESL                            0000009E
BCLIE                             00000003
BCLIF                             00000003
BF                                00000000
BRGH                              00000002
C                                 00000000
C1INV                             00000004
C1OUT                             00000006
C2INV                             00000005
C2OUT                             00000007
CCP1CON                           00000017
CCP1IE                            00000002
CCP1IF                            00000002
CCP1M0                            00000000
CCP1M1                            00000001
CCP1M2                            00000002
CCP1M3                            00000003
CCP1X                             00000005
CCP1Y                             00000004
CCP2CON                           0000001D
CCP2IE                            00000000
CCP2IF                            00000000
CCP2M0                            00000000
CCP2M1                            00000001
CCP2M2                            00000002
CCP2M3                            00000003
CCP2X                             00000005
CCP2Y                             00000004
CCPR1                             00000015
CCPR1H                            00000016
CCPR1L                            00000015
CCPR2                             0000001B
CCPR2H                            0000001C
CCPR2L                            0000001B
CHS0                              00000003
CHS1                              00000004
CHS2                              00000005
CIS                               00000003
CKE                               00000006
MPASM 5.77                        ODEV_3.ASM   11-12-2019  0:00:40         PAGE  5


SYMBOL TABLE
  LABEL                             VALUE 

CKP                               00000004
CM0                               00000000
CM1                               00000001
CM2                               00000002
CMCON                             0000009C
CMIE                              00000006
CMIF                              00000006
COUNTER                           00000020
CREN                              00000004
CSRC                              00000007
CVR0                              00000000
CVR1                              00000001
CVR2                              00000002
CVR3                              00000003
CVRCON                            0000009D
CVREN                             00000007
CVROE                             00000006
CVRR                              00000005
D                                 00000005
DATA_ADDRESS                      00000005
DC                                00000001
DELAY                             00000043
DELAY2                            00000044
D_A                               00000005
D_NOT_A                           00000005
EEADR                             0000010D
EEADRH                            0000010F
EECON1                            0000018C
EECON2                            0000018D
EEDATA                            0000010C
EEDATH                            0000010E
EEIE                              00000004
EEIF                              00000004
EEPGD                             00000007
F                                 00000001
FERR                              00000002
FSR                               00000004
GCEN                              00000007
GIE                               00000007
GO                                00000002
GO_DONE                           00000002
GO_NOT_DONE                       00000002
I2C_DATA                          00000005
I2C_READ                          00000002
I2C_START                         00000003
I2C_STOP                          00000004
IBF                               00000007
IBOV                              00000005
INDF                              00000000
INIT                              00000005
INTCON                            0000000B
INTE                              00000004
INTEDG                            00000006
MPASM 5.77                        ODEV_3.ASM   11-12-2019  0:00:40         PAGE  6


SYMBOL TABLE
  LABEL                             VALUE 

INTERRUPT                         00000023
INTERRUPT_END                     00000040
INTF                              00000001
IRP                               00000007
LEFT                              00000022
LEFT_INCREMENT                    00000039
LOOK_UP                           00000047
MAIN                              00000016
NOT_A                             00000005
NOT_ADDRESS                       00000005
NOT_BO                            00000000
NOT_BOR                           00000000
NOT_DONE                          00000002
NOT_PD                            00000003
NOT_POR                           00000001
NOT_RBPU                          00000007
NOT_RC8                           00000006
NOT_T1SYNC                        00000002
NOT_TO                            00000004
NOT_TX8                           00000006
NOT_W                             00000002
NOT_WRITE                         00000002
OBF                               00000006
OERR                              00000001
OPTION_REG                        00000081
P                                 00000004
PCFG0                             00000000
PCFG1                             00000001
PCFG2                             00000002
PCFG3                             00000003
PCL                               00000002
PCLATH                            0000000A
PCON                              0000008E
PEIE                              00000006
PEN                               00000002
PIE1                              0000008C
PIE2                              0000008D
PIR1                              0000000C
PIR2                              0000000D
PORTA                             00000005
PORTB                             00000006
PORTC                             00000007
PORTD                             00000008
PORTE                             00000009
PR2                               00000092
PS0                               00000000
PS1                               00000001
PS2                               00000002
PSA                               00000003
PSPIE                             00000007
PSPIF                             00000007
PSPMODE                           00000004
R                                 00000002
MPASM 5.77                        ODEV_3.ASM   11-12-2019  0:00:40         PAGE  7


SYMBOL TABLE
  LABEL                             VALUE 

RA0                               00000000
RA1                               00000001
RA2                               00000002
RA3                               00000003
RA4                               00000004
RA5                               00000005
RB0                               00000000
RB1                               00000001
RB2                               00000002
RB3                               00000003
RB4                               00000004
RB5                               00000005
RB6                               00000006
RB7                               00000007
RBIE                              00000003
RBIF                              00000000
RC0                               00000000
RC1                               00000001
RC2                               00000002
RC3                               00000003
RC4                               00000004
RC5                               00000005
RC6                               00000006
RC7                               00000007
RC8_9                             00000006
RC9                               00000006
RCD8                              00000000
RCEN                              00000003
RCIE                              00000005
RCIF                              00000005
RCREG                             0000001A
RCSTA                             00000018
RD                                00000000
RD0                               00000000
RD1                               00000001
RD2                               00000002
RD3                               00000003
RD4                               00000004
RD5                               00000005
RD6                               00000006
RD7                               00000007
RE0                               00000000
RE1                               00000001
RE2                               00000002
READ_WRITE                        00000002
RIGHT                             00000021
RIGHT_INCREMENT                   00000032
RP0                               00000005
RP1                               00000006
RSEN                              00000001
RX9                               00000006
RX9D                              00000000
R_NOT_W                           00000002
MPASM 5.77                        ODEV_3.ASM   11-12-2019  0:00:40         PAGE  8


SYMBOL TABLE
  LABEL                             VALUE 

R_W                               00000002
S                                 00000003
SEN                               00000000
SMP                               00000007
SPBRG                             00000099
SPEN                              00000007
SREN                              00000005
SSPADD                            00000093
SSPBUF                            00000013
SSPCON                            00000014
SSPCON2                           00000091
SSPEN                             00000005
SSPIE                             00000003
SSPIF                             00000003
SSPM0                             00000000
SSPM1                             00000001
SSPM2                             00000002
SSPM3                             00000003
SSPOV                             00000006
SSPSTAT                           00000094
STATUS                            00000003
SYNC                              00000004
T0CS                              00000005
T0IE                              00000005
T0IF                              00000002
T0SE                              00000004
T1CKPS0                           00000004
T1CKPS1                           00000005
T1CON                             00000010
T1INSYNC                          00000002
T1OSCEN                           00000003
T1SYNC                            00000002
T2CKPS0                           00000000
T2CKPS1                           00000001
T2CON                             00000012
TMR0                              00000001
TMR0IE                            00000005
TMR0IF                            00000002
TMR1                              0000000E
TMR1CS                            00000001
TMR1H                             0000000F
TMR1IE                            00000000
TMR1IF                            00000000
TMR1L                             0000000E
TMR1ON                            00000000
TMR2                              00000011
TMR2IE                            00000001
TMR2IF                            00000001
TMR2ON                            00000002
TOUTPS0                           00000003
TOUTPS1                           00000004
TOUTPS2                           00000005
TOUTPS3                           00000006
MPASM 5.77                        ODEV_3.ASM   11-12-2019  0:00:40         PAGE  9


SYMBOL TABLE
  LABEL                             VALUE 

TRISA                             00000085
TRISA0                            00000000
TRISA1                            00000001
TRISA2                            00000002
TRISA3                            00000003
TRISA4                            00000004
TRISA5                            00000005
TRISB                             00000086
TRISB0                            00000000
TRISB1                            00000001
TRISB2                            00000002
TRISB3                            00000003
TRISB4                            00000004
TRISB5                            00000005
TRISB6                            00000006
TRISB7                            00000007
TRISC                             00000087
TRISC0                            00000000
TRISC1                            00000001
TRISC2                            00000002
TRISC3                            00000003
TRISC4                            00000004
TRISC5                            00000005
TRISC6                            00000006
TRISC7                            00000007
TRISD                             00000088
TRISD0                            00000000
TRISD1                            00000001
TRISD2                            00000002
TRISD3                            00000003
TRISD4                            00000004
TRISD5                            00000005
TRISD6                            00000006
TRISD7                            00000007
TRISE                             00000089
TRISE0                            00000000
TRISE1                            00000001
TRISE2                            00000002
TRMT                              00000001
TX8_9                             00000006
TX9                               00000006
TX9D                              00000000
TXD8                              00000000
TXEN                              00000005
TXIE                              00000004
TXIF                              00000004
TXREG                             00000019
TXSTA                             00000098
UA                                00000001
VAR1                              00000023
W                                 00000000
WCOL                              00000007
WR                                00000001
MPASM 5.77                        ODEV_3.ASM   11-12-2019  0:00:40         PAGE 10


SYMBOL TABLE
  LABEL                             VALUE 

WREN                              00000002
WRERR                             00000003
Z                                 00000002
_BODEN_OFF                        00003FBF
_BODEN_ON                         00003FFF
_BOREN_OFF                        00003FBF
_BOREN_ON                         00003FFF
_CONFIG                           00002007
_CPD_OFF                          00003FFF
_CPD_ON                           00003EFF
_CP_ALL                           00001FFF
_CP_OFF                           00003FFF
_CP_ON                            00001FFF
_DEBUG_OFF                        00003FFF
_DEBUG_ON                         000037FF
_DEVID1                           00002006
_FOSC_EXTRC                       00003FFF
_FOSC_HS                          00003FFE
_FOSC_LP                          00003FFC
_FOSC_XT                          00003FFD
_HS_OSC                           00003FFE
_IDLOC0                           00002000
_IDLOC1                           00002001
_IDLOC2                           00002002
_IDLOC3                           00002003
_LP_OSC                           00003FFC
_LVP_OFF                          00003F7F
_LVP_ON                           00003FFF
_PWRTE_OFF                        00003FFF
_PWRTE_ON                         00003FF7
_RC_OSC                           00003FFF
_WDTE_OFF                         00003FFB
_WDTE_ON                          00003FFF
_WDT_OFF                          00003FFB
_WDT_ON                           00003FFF
_WRT_1FOURTH                      00003BFF
_WRT_256                          00003DFF
_WRT_HALF                         000039FF
_WRT_OFF                          00003FFF
_XT_OSC                           00003FFD
__16F877A                         00000001

Errors   :     0
Warnings :     4 reported,     0 suppressed
Messages :     8 reported,     0 suppressed

