MPASM 5.77                NEWASMTEMPLATE.ASM   11-3-2019  18:47:52         PAGE  1


LOC  OBJECT CODE     LINE SOURCE TEXT
  VALUE

                      00001     LIST P=16F877A
                      00002     #INCLUDE <P16F877A.INC>
                      00001         LIST
                      00002 
                      00003 ;==========================================================================
                      00004 ; Build date : Nov 22 2017
                      00005 ;  MPASM PIC16F877A processor include
                      00006 ; 
                      00007 ;  (c) Copyright 1999-2017 Microchip Technology, All rights reserved
                      00008 ;==========================================================================
                      00009 
                      00567         LIST
2007   3F39           00003     __CONFIG    H'3F39'
Warning[207]: Found label after column 1. (IN_OUT)
  00000020            00004     IN_OUT EQU 0X20
Warning[207]: Found label after column 1. (COUNTERA)
  00000021            00005     COUNTERA EQU 0X21
Warning[207]: Found label after column 1. (COUNTERB)
  00000022            00006     COUNTERB EQU 0X22
Warning[207]: Found label after column 1. (VAR1)
  00000023            00007     VAR1 EQU 0X23
Warning[207]: Found label after column 1. (VAR2)
  00000024            00008     VAR2 EQU 0X24
                      00009     ORG 0X00
0000   2???           00010     GOTO INIT
0001                  00011 INIT
0001   1303           00012     BCF STATUS,6
0002   1683           00013     BSF STATUS,5
0003   3006           00014     MOVLW H'06'
Message[302]: Register in operand not in bank 0.  Ensure that bank bits are correct.
0004   009F           00015     MOVWF ADCON1
0005   3030           00016     MOVLW B'00110000'
Message[302]: Register in operand not in bank 0.  Ensure that bank bits are correct.
0006   0085           00017     MOVWF TRISA
Message[302]: Register in operand not in bank 0.  Ensure that bank bits are correct.
0007   0186           00018     CLRF TRISB
0008   1283           00019     BCF STATUS,5
0009   0185           00020     CLRF PORTA
000A   0186           00021     CLRF PORTB
000B   01A0           00022     CLRF IN_OUT
000C   01A1           00023     CLRF COUNTERA
000D   01A2           00024     CLRF COUNTERB
000E   1420           00025     BSF IN_OUT,0
                      00026     
000F                  00027 MAIN
000F   1E05           00028     BTFSS PORTA,4
0010   2???           00029     GOTO BUTTON_5
0011   1420           00030     BSF IN_OUT,0
0012   2???           00031     GOTO ROUTER
0013                  00032 BUTTON_5
0013   1E85           00033     BTFSS PORTA,5
0014   2???           00034     GOTO ROUTER
0015   1020           00035     BCF IN_OUT,0
MPASM 5.77                NEWASMTEMPLATE.ASM   11-3-2019  18:47:52         PAGE  2


LOC  OBJECT CODE     LINE SOURCE TEXT
  VALUE

0016   2???           00036     GOTO ROUTER
                      00037     
0017                  00038 ROUTER
0017   1820           00039     BTFSC IN_OUT,0
0018   2???           00040     GOTO COUNT_UP
0019   2???           00041     GOTO COUNT_DOWN
                      00042     
001A                  00043 COUNT_DOWN
001A   2???           00044     CALL ON_LED
Message[305]: Using default destination of 1 (file).
001B   0BA2           00045     DECFSZ COUNTERB
001C   2???           00046     GOTO MAIN
001D   2???           00047     CALL ON_LED
Message[305]: Using default destination of 1 (file).
001E   0BA1           00048     DECFSZ COUNTERA
001F   300F           00049     MOVLW D'15'
0020   0221           00050     SUBWF COUNTERA,W
0021   1C03           00051     BTFSS STATUS,C
0022   2???           00052     GOTO MAIN
0023   300F           00053     MOVLW D'15'
0024   00A1           00054     MOVWF COUNTERA
0025   2???           00055     GOTO MAIN
                      00056 
                      00057 
0026                  00058 COUNT_UP
0026   2???           00059     CALL ON_LED
Message[305]: Using default destination of 1 (file).
0027   0FA2           00060     INCFSZ COUNTERB
0028   2???           00061     GOTO MAIN
Message[305]: Using default destination of 1 (file).
0029   0FA1           00062     INCFSZ COUNTERA
002A   3010           00063     MOVLW D'16'
002B   0221           00064     SUBWF COUNTERA,W
002C   1C03           00065     BTFSS STATUS,C
002D   2???           00066     GOTO MAIN
002E   01A1           00067     CLRF COUNTERA
002F   2???           00068     GOTO MAIN
                      00069     
0030                  00070 ON_LED
0030   2???           00071    CALL DELAY
0031   0821           00072    MOVF COUNTERA,W
0032   0085           00073    MOVWF PORTA
0033   0822           00074    MOVF COUNTERB,W
0034   0086           00075    MOVWF PORTB
0035   0008           00076    RETURN
0036                  00077 DELAY
0036   30FF           00078     MOVLW D'255'
0037   00A3           00079     MOVWF VAR1
                      00080     
0038                  00081 DELAY2
0038   30FF           00082     MOVLW D'255'
0039   00A4           00083     MOVWF VAR2
                      00084     
MPASM 5.77                NEWASMTEMPLATE.ASM   11-3-2019  18:47:52         PAGE  3


LOC  OBJECT CODE     LINE SOURCE TEXT
  VALUE

003A                  00085 DELAY3
003A   0BA4           00086     DECFSZ VAR2,F
003B   2???           00087     GOTO DELAY3
003C   0BA3           00088     DECFSZ VAR1,F
003D   2???           00089     GOTO DELAY2
003E   0008           00090     RETURN
Warning[205]: Found directive in column 1. (END)
3F39                  00091 END    
MPASM 5.77                NEWASMTEMPLATE.ASM   11-3-2019  18:47:52         PAGE  4


SYMBOL TABLE
  LABEL                             VALUE 

ACKDT                             00000005
ACKEN                             00000004
ACKSTAT                           00000006
ADCON0                            0000001F
ADCON1                            0000009F
ADCS0                             00000006
ADCS1                             00000007
ADCS2                             00000006
ADDEN                             00000003
ADFM                              00000007
ADIE                              00000006
ADIF                              00000006
ADON                              00000000
ADRESH                            0000001E
ADRESL                            0000009E
BCLIE                             00000003
BCLIF                             00000003
BF                                00000000
BRGH                              00000002
BUTTON_5                          00000013
C                                 00000000
C1INV                             00000004
C1OUT                             00000006
C2INV                             00000005
C2OUT                             00000007
CCP1CON                           00000017
CCP1IE                            00000002
CCP1IF                            00000002
CCP1M0                            00000000
CCP1M1                            00000001
CCP1M2                            00000002
CCP1M3                            00000003
CCP1X                             00000005
CCP1Y                             00000004
CCP2CON                           0000001D
CCP2IE                            00000000
CCP2IF                            00000000
CCP2M0                            00000000
CCP2M1                            00000001
CCP2M2                            00000002
CCP2M3                            00000003
CCP2X                             00000005
CCP2Y                             00000004
CCPR1                             00000015
CCPR1H                            00000016
CCPR1L                            00000015
CCPR2                             0000001B
CCPR2H                            0000001C
CCPR2L                            0000001B
CHS0                              00000003
CHS1                              00000004
CHS2                              00000005
CIS                               00000003
MPASM 5.77                NEWASMTEMPLATE.ASM   11-3-2019  18:47:52         PAGE  5


SYMBOL TABLE
  LABEL                             VALUE 

CKE                               00000006
CKP                               00000004
CM0                               00000000
CM1                               00000001
CM2                               00000002
CMCON                             0000009C
CMIE                              00000006
CMIF                              00000006
COUNTERA                          00000021
COUNTERB                          00000022
COUNT_DOWN                        0000001A
COUNT_UP                          00000026
CREN                              00000004
CSRC                              00000007
CVR0                              00000000
CVR1                              00000001
CVR2                              00000002
CVR3                              00000003
CVRCON                            0000009D
CVREN                             00000007
CVROE                             00000006
CVRR                              00000005
D                                 00000005
DATA_ADDRESS                      00000005
DC                                00000001
DELAY                             00000036
DELAY2                            00000038
DELAY3                            0000003A
D_A                               00000005
D_NOT_A                           00000005
EEADR                             0000010D
EEADRH                            0000010F
EECON1                            0000018C
EECON2                            0000018D
EEDATA                            0000010C
EEDATH                            0000010E
EEIE                              00000004
EEIF                              00000004
EEPGD                             00000007
F                                 00000001
FERR                              00000002
FSR                               00000004
GCEN                              00000007
GIE                               00000007
GO                                00000002
GO_DONE                           00000002
GO_NOT_DONE                       00000002
I2C_DATA                          00000005
I2C_READ                          00000002
I2C_START                         00000003
I2C_STOP                          00000004
IBF                               00000007
IBOV                              00000005
MPASM 5.77                NEWASMTEMPLATE.ASM   11-3-2019  18:47:52         PAGE  6


SYMBOL TABLE
  LABEL                             VALUE 

INDF                              00000000
INIT                              00000001
INTCON                            0000000B
INTE                              00000004
INTEDG                            00000006
INTF                              00000001
IN_OUT                            00000020
IRP                               00000007
MAIN                              0000000F
NOT_A                             00000005
NOT_ADDRESS                       00000005
NOT_BO                            00000000
NOT_BOR                           00000000
NOT_DONE                          00000002
NOT_PD                            00000003
NOT_POR                           00000001
NOT_RBPU                          00000007
NOT_RC8                           00000006
NOT_T1SYNC                        00000002
NOT_TO                            00000004
NOT_TX8                           00000006
NOT_W                             00000002
NOT_WRITE                         00000002
OBF                               00000006
OERR                              00000001
ON_LED                            00000030
OPTION_REG                        00000081
P                                 00000004
PCFG0                             00000000
PCFG1                             00000001
PCFG2                             00000002
PCFG3                             00000003
PCL                               00000002
PCLATH                            0000000A
PCON                              0000008E
PEIE                              00000006
PEN                               00000002
PIE1                              0000008C
PIE2                              0000008D
PIR1                              0000000C
PIR2                              0000000D
PORTA                             00000005
PORTB                             00000006
PORTC                             00000007
PORTD                             00000008
PORTE                             00000009
PR2                               00000092
PS0                               00000000
PS1                               00000001
PS2                               00000002
PSA                               00000003
PSPIE                             00000007
PSPIF                             00000007
MPASM 5.77                NEWASMTEMPLATE.ASM   11-3-2019  18:47:52         PAGE  7


SYMBOL TABLE
  LABEL                             VALUE 

PSPMODE                           00000004
R                                 00000002
RA0                               00000000
RA1                               00000001
RA2                               00000002
RA3                               00000003
RA4                               00000004
RA5                               00000005
RB0                               00000000
RB1                               00000001
RB2                               00000002
RB3                               00000003
RB4                               00000004
RB5                               00000005
RB6                               00000006
RB7                               00000007
RBIE                              00000003
RBIF                              00000000
RC0                               00000000
RC1                               00000001
RC2                               00000002
RC3                               00000003
RC4                               00000004
RC5                               00000005
RC6                               00000006
RC7                               00000007
RC8_9                             00000006
RC9                               00000006
RCD8                              00000000
RCEN                              00000003
RCIE                              00000005
RCIF                              00000005
RCREG                             0000001A
RCSTA                             00000018
RD                                00000000
RD0                               00000000
RD1                               00000001
RD2                               00000002
RD3                               00000003
RD4                               00000004
RD5                               00000005
RD6                               00000006
RD7                               00000007
RE0                               00000000
RE1                               00000001
RE2                               00000002
READ_WRITE                        00000002
ROUTER                            00000017
RP0                               00000005
RP1                               00000006
RSEN                              00000001
RX9                               00000006
RX9D                              00000000
MPASM 5.77                NEWASMTEMPLATE.ASM   11-3-2019  18:47:52         PAGE  8


SYMBOL TABLE
  LABEL                             VALUE 

R_NOT_W                           00000002
R_W                               00000002
S                                 00000003
SEN                               00000000
SMP                               00000007
SPBRG                             00000099
SPEN                              00000007
SREN                              00000005
SSPADD                            00000093
SSPBUF                            00000013
SSPCON                            00000014
SSPCON2                           00000091
SSPEN                             00000005
SSPIE                             00000003
SSPIF                             00000003
SSPM0                             00000000
SSPM1                             00000001
SSPM2                             00000002
SSPM3                             00000003
SSPOV                             00000006
SSPSTAT                           00000094
STATUS                            00000003
SYNC                              00000004
T0CS                              00000005
T0IE                              00000005
T0IF                              00000002
T0SE                              00000004
T1CKPS0                           00000004
T1CKPS1                           00000005
T1CON                             00000010
T1INSYNC                          00000002
T1OSCEN                           00000003
T1SYNC                            00000002
T2CKPS0                           00000000
T2CKPS1                           00000001
T2CON                             00000012
TMR0                              00000001
TMR0IE                            00000005
TMR0IF                            00000002
TMR1                              0000000E
TMR1CS                            00000001
TMR1H                             0000000F
TMR1IE                            00000000
TMR1IF                            00000000
TMR1L                             0000000E
TMR1ON                            00000000
TMR2                              00000011
TMR2IE                            00000001
TMR2IF                            00000001
TMR2ON                            00000002
TOUTPS0                           00000003
TOUTPS1                           00000004
TOUTPS2                           00000005
MPASM 5.77                NEWASMTEMPLATE.ASM   11-3-2019  18:47:52         PAGE  9


SYMBOL TABLE
  LABEL                             VALUE 

TOUTPS3                           00000006
TRISA                             00000085
TRISA0                            00000000
TRISA1                            00000001
TRISA2                            00000002
TRISA3                            00000003
TRISA4                            00000004
TRISA5                            00000005
TRISB                             00000086
TRISB0                            00000000
TRISB1                            00000001
TRISB2                            00000002
TRISB3                            00000003
TRISB4                            00000004
TRISB5                            00000005
TRISB6                            00000006
TRISB7                            00000007
TRISC                             00000087
TRISC0                            00000000
TRISC1                            00000001
TRISC2                            00000002
TRISC3                            00000003
TRISC4                            00000004
TRISC5                            00000005
TRISC6                            00000006
TRISC7                            00000007
TRISD                             00000088
TRISD0                            00000000
TRISD1                            00000001
TRISD2                            00000002
TRISD3                            00000003
TRISD4                            00000004
TRISD5                            00000005
TRISD6                            00000006
TRISD7                            00000007
TRISE                             00000089
TRISE0                            00000000
TRISE1                            00000001
TRISE2                            00000002
TRMT                              00000001
TX8_9                             00000006
TX9                               00000006
TX9D                              00000000
TXD8                              00000000
TXEN                              00000005
TXIE                              00000004
TXIF                              00000004
TXREG                             00000019
TXSTA                             00000098
UA                                00000001
VAR1                              00000023
VAR2                              00000024
W                                 00000000
MPASM 5.77                NEWASMTEMPLATE.ASM   11-3-2019  18:47:52         PAGE 10


SYMBOL TABLE
  LABEL                             VALUE 

WCOL                              00000007
WR                                00000001
WREN                              00000002
WRERR                             00000003
Z                                 00000002
_BODEN_OFF                        00003FBF
_BODEN_ON                         00003FFF
_BOREN_OFF                        00003FBF
_BOREN_ON                         00003FFF
_CONFIG                           00002007
_CPD_OFF                          00003FFF
_CPD_ON                           00003EFF
_CP_ALL                           00001FFF
_CP_OFF                           00003FFF
_CP_ON                            00001FFF
_DEBUG_OFF                        00003FFF
_DEBUG_ON                         000037FF
_DEVID1                           00002006
_FOSC_EXTRC                       00003FFF
_FOSC_HS                          00003FFE
_FOSC_LP                          00003FFC
_FOSC_XT                          00003FFD
_HS_OSC                           00003FFE
_IDLOC0                           00002000
_IDLOC1                           00002001
_IDLOC2                           00002002
_IDLOC3                           00002003
_LP_OSC                           00003FFC
_LVP_OFF                          00003F7F
_LVP_ON                           00003FFF
_PWRTE_OFF                        00003FFF
_PWRTE_ON                         00003FF7
_RC_OSC                           00003FFF
_WDTE_OFF                         00003FFB
_WDTE_ON                          00003FFF
_WDT_OFF                          00003FFB
_WDT_ON                           00003FFF
_WRT_1FOURTH                      00003BFF
_WRT_256                          00003DFF
_WRT_HALF                         000039FF
_WRT_OFF                          00003FFF
_XT_OSC                           00003FFD
__16F877A                         00000001

Errors   :     0
Warnings :     6 reported,     0 suppressed
Messages :     7 reported,     0 suppressed

